-outxml
-source
1.6
-target
1.6
-classpath
/home/jrawson/.m2/repository/aopalliance/aopalliance/1.0/aopalliance-1.0.jar:/home/jrawson/.m2/repository/asm/asm/3.3.1/asm-3.3.1.jar:/home/jrawson/.m2/repository/cglib/cglib-nodep/2.2/cglib-nodep-2.2.jar:/home/jrawson/.m2/repository/com/google/appengine/appengine-api-1.0-sdk/1.3.7/appengine-api-1.0-sdk-1.3.7.jar:/home/jrawson/.m2/repository/com/google/appengine/orm/datanucleus-appengine/1.0.7.final/datanucleus-appengine-1.0.7.final.jar:/home/jrawson/.m2/repository/commons-beanutils/commons-beanutils/1.8.0/commons-beanutils-1.8.0.jar:/home/jrawson/.m2/repository/commons-dbcp/commons-dbcp/1.3/commons-dbcp-1.3.jar:/home/jrawson/.m2/repository/commons-digester/commons-digester/2.0/commons-digester-2.0.jar:/home/jrawson/.m2/repository/commons-fileupload/commons-fileupload/1.2.1/commons-fileupload-1.2.1.jar:/home/jrawson/.m2/repository/commons-pool/commons-pool/1.5.4/commons-pool-1.5.4.jar:/home/jrawson/.m2/repository/javax/el/el-api/1.0/el-api-1.0.jar:/home/jrawson/.m2/repository/javax/jdo/jdo2-api/2.3-ec/jdo2-api-2.3-ec.jar:/home/jrawson/.m2/repository/javax/persistence/persistence-api/1.0/persistence-api-1.0.jar:/home/jrawson/.m2/repository/javax/servlet/jstl/1.2/jstl-1.2.jar:/home/jrawson/.m2/repository/javax/servlet/servlet-api/2.5/servlet-api-2.5.jar:/home/jrawson/.m2/repository/javax/servlet/jsp/jsp-api/2.1/jsp-api-2.1.jar:/home/jrawson/.m2/repository/javax/transaction/jta/1.1/jta-1.1.jar:/home/jrawson/.m2/repository/javax/transaction/transaction-api/1.1/transaction-api-1.1.jar:/home/jrawson/.m2/repository/javax/validation/validation-api/1.0.0.GA/validation-api-1.0.0.GA.jar:/home/jrawson/.m2/repository/joda-time/joda-time/1.6/joda-time-1.6.jar:/home/jrawson/.m2/repository/log4j/log4j/1.2.16/log4j-1.2.16.jar:/home/jrawson/.m2/repository/net/sf/flexjson/flexjson/2.0/flexjson-2.0.jar:/home/jrawson/.m2/repository/org/apache/geronimo/specs/geronimo-jpa_3.0_spec/1.1.1/geronimo-jpa_3.0_spec-1.1.1.jar:/home/jrawson/.m2/repository/org/apache/tiles/tiles-api/2.2.1/tiles-api-2.2.1.jar:/home/jrawson/.m2/repository/org/apache/tiles/tiles-core/2.2.1/tiles-core-2.2.1.jar:/home/jrawson/.m2/repository/org/apache/tiles/tiles-jsp/2.2.1/tiles-jsp-2.2.1.jar:/home/jrawson/.m2/repository/org/apache/tiles/tiles-servlet/2.2.1/tiles-servlet-2.2.1.jar:/home/jrawson/.m2/repository/org/apache/tiles/tiles-template/2.2.1/tiles-template-2.2.1.jar:/home/jrawson/.m2/repository/org/aspectj/aspectjrt/1.6.10/aspectjrt-1.6.10.jar:/home/jrawson/.m2/repository/org/aspectj/aspectjweaver/1.6.10/aspectjweaver-1.6.10.jar:/home/jrawson/.m2/repository/org/datanucleus/datanucleus-enhancer/1.1.4/datanucleus-enhancer-1.1.4.jar:/home/jrawson/.m2/repository/org/datanucleus/datanucleus-jpa/1.1.5/datanucleus-jpa-1.1.5.jar:/home/jrawson/.m2/repository/org/datanucleus/datanucleus-rdbms/1.1.5/datanucleus-rdbms-1.1.5.jar:/home/jrawson/.m2/repository/org/hibernate/hibernate-validator/4.1.0.Final/hibernate-validator-4.1.0.Final.jar:/home/jrawson/.m2/repository/org/slf4j/jcl-over-slf4j/1.6.1/jcl-over-slf4j-1.6.1.jar:/home/jrawson/.m2/repository/org/slf4j/slf4j-api/1.6.1/slf4j-api-1.6.1.jar:/home/jrawson/.m2/repository/org/slf4j/slf4j-log4j12/1.6.1/slf4j-log4j12-1.6.1.jar:/home/jrawson/.m2/repository/org/springframework/spring-aop/3.0.5.RELEASE/spring-aop-3.0.5.RELEASE.jar:/home/jrawson/.m2/repository/org/springframework/spring-asm/3.0.5.RELEASE/spring-asm-3.0.5.RELEASE.jar:/home/jrawson/.m2/repository/org/springframework/spring-aspects/3.0.5.RELEASE/spring-aspects-3.0.5.RELEASE.jar:/home/jrawson/.m2/repository/org/springframework/spring-beans/3.0.5.RELEASE/spring-beans-3.0.5.RELEASE.jar:/home/jrawson/.m2/repository/org/springframework/spring-context/3.0.5.RELEASE/spring-context-3.0.5.RELEASE.jar:/home/jrawson/.m2/repository/org/springframework/spring-context-support/3.0.5.RELEASE/spring-context-support-3.0.5.RELEASE.jar:/home/jrawson/.m2/repository/org/springframework/spring-core/3.0.5.RELEASE/spring-core-3.0.5.RELEASE.jar:/home/jrawson/.m2/repository/org/springframework/spring-expression/3.0.5.RELEASE/spring-expression-3.0.5.RELEASE.jar:/home/jrawson/.m2/repository/org/springframework/spring-jdbc/3.0.5.RELEASE/spring-jdbc-3.0.5.RELEASE.jar:/home/jrawson/.m2/repository/org/springframework/spring-orm/3.0.5.RELEASE/spring-orm-3.0.5.RELEASE.jar:/home/jrawson/.m2/repository/org/springframework/spring-tx/3.0.5.RELEASE/spring-tx-3.0.5.RELEASE.jar:/home/jrawson/.m2/repository/org/springframework/spring-web/3.0.5.RELEASE/spring-web-3.0.5.RELEASE.jar:/home/jrawson/.m2/repository/org/springframework/spring-webmvc/3.0.5.RELEASE/spring-webmvc-3.0.5.RELEASE.jar:/home/jrawson/.m2/repository/org/springframework/roo/org.springframework.roo.annotations/1.1.0.RELEASE/org.springframework.roo.annotations-1.1.0.RELEASE.jar:/home/jrawson/.m2/repository/org/springframework/webflow/spring-js-resources/2.2.0.RELEASE/spring-js-resources-2.2.0.RELEASE.jar:/home/jrawson/springsourceWorkspace/FamilyFridge/target/classes
-aspectpath
/home/jrawson/.m2/repository/org/springframework/spring-aspects/3.0.5.RELEASE/spring-aspects-3.0.5.RELEASE.jar
-d
/home/jrawson/springsourceWorkspace/FamilyFridge/target/classes
/home/jrawson/springsourceWorkspace/FamilyFridge/src/main/java/com/jenrawson/familyfridge/domain/Account_Roo_Configurable.aj
/home/jrawson/springsourceWorkspace/FamilyFridge/src/main/java/com/jenrawson/familyfridge/domain/Person.java
/home/jrawson/springsourceWorkspace/FamilyFridge/src/main/java/com/jenrawson/familyfridge/domain/Account.java
/home/jrawson/springsourceWorkspace/FamilyFridge/src/main/java/com/jenrawson/familyfridge/domain/Account_Roo_ToString.aj
/home/jrawson/springsourceWorkspace/FamilyFridge/src/main/java/com/jenrawson/familyfridge/web/AccountController.java
/home/jrawson/springsourceWorkspace/FamilyFridge/src/main/java/com/jenrawson/familyfridge/domain/Person_Roo_ToString.aj
/home/jrawson/springsourceWorkspace/FamilyFridge/src/main/java/com/jenrawson/familyfridge/domain/Account_Roo_Entity.aj
/home/jrawson/springsourceWorkspace/FamilyFridge/src/main/java/com/jenrawson/familyfridge/domain/Person_Roo_Configurable.aj
/home/jrawson/springsourceWorkspace/FamilyFridge/src/main/java/com/jenrawson/familyfridge/domain/Person_Roo_JavaBean.aj
/home/jrawson/springsourceWorkspace/FamilyFridge/src/main/java/com/jenrawson/familyfridge/web/PersonController_Roo_Controller.aj
/home/jrawson/springsourceWorkspace/FamilyFridge/src/main/java/com/jenrawson/familyfridge/domain/Person_Roo_Entity.aj
/home/jrawson/springsourceWorkspace/FamilyFridge/src/main/java/com/jenrawson/familyfridge/domain/Account_Roo_JavaBean.aj
/home/jrawson/springsourceWorkspace/FamilyFridge/src/main/java/com/jenrawson/familyfridge/web/PersonController.java
/home/jrawson/springsourceWorkspace/FamilyFridge/src/main/java/com/jenrawson/familyfridge/web/AccountController_Roo_Controller.aj
